

*******************************************************************************
Thu Jun 30 15:39:07 2022


FIT:    data read from "ver0.1.0LamScan_C_N50r0.14t0-1_20SamStep5000_Graphba210_GSeed875629289_SS1489264107025_THRk4_LOCKRandom_LT0.1_RT0.05_COMPtrue.dat" u 1:3
        format = x:z
        x range restricted to [0.440000 : 0.500000]
BREAK: No data to fit

*******************************************************************************
Thu Jun 30 15:39:57 2022


FIT:    data read from "ver0.1.0LamScan_C_N50r0.14t0-1_20SamStep5000_Graphba210_GSeed875629289_SS1489264107025_THRk4_LOCKRandom_LT0.1_RT0.05_COMPtrue.dat" u 1:3
        format = x:z
        x range restricted to [0.440000 : 0.500000]
BREAK: No data to fit

*******************************************************************************
Thu Jun 30 15:40:31 2022


FIT:    data read from "ver0.1.0LamScan_C_N50r0.14t0-1_20SamStep5000_Graphba210_GSeed875629289_SS1489264107025_THRk4_LOCKRandom_LT0.1_RT0.05_COMPtrue.dat" u 1:3
        format = x:z
        x range restricted to [0.100000 : 0.200000]
        #datapoints = 2
        residuals are weighted equally (unit weight)

function used for fitting: f(x)
	f(x)=a*exp(-(x-b)**2/(2*c**2))
fitted parameters initialized with current variable values

BREAK: Number of data points smaller than number of parameters

*******************************************************************************
Thu Jun 30 15:40:35 2022


FIT:    data read from "ver0.1.0LamScan_C_N50r0.14t0-1_20SamStep5000_Graphba210_GSeed875629289_SS1489264107025_THRk4_LOCKRandom_LT0.1_RT0.05_COMPtrue.dat" u 1:3
        format = x:z
        x range restricted to [0.100000 : 0.200000]
        #datapoints = 2
        residuals are weighted equally (unit weight)

function used for fitting: f(x)
	f(x)=a*exp(-(x-b)**2/(2*c**2))
fitted parameters initialized with current variable values

BREAK: Number of data points smaller than number of parameters

*******************************************************************************
Thu Jun 30 15:40:41 2022


FIT:    data read from "ver0.1.0LamScan_C_N50r0.14t0-1_20SamStep5000_Graphba210_GSeed875629289_SS1489264107025_THRk4_LOCKRandom_LT0.1_RT0.05_COMPtrue.dat" u 1:3
        format = x:z
        x range restricted to [0.0500000 : 0.200000]
        #datapoints = 3
        residuals are weighted equally (unit weight)

function used for fitting: f(x)
	f(x)=a*exp(-(x-b)**2/(2*c**2))
fitted parameters initialized with current variable values

iter      chisq       delta/lim  lambda   a             b             c            
   0 1.1246400895e+00   0.00e+00  6.04e-01    1.000000e+00   1.000000e+00   1.000000e+00
 222 0.0000000000e+00  -inf       6.04e-10    7.092463e-02   1.316403e-01   7.470163e-02

After 222 iterations the fit converged.
final sum of squares of residuals : 0
abs. change during last iteration : -4.81482e-35


Exactly as many data points as there are parameters.
In this degenerate case, all errors are zero by definition.

Final set of parameters 
======================= 

a               = 0.0709246      
b               = 0.13164        
c               = 0.0747016      


*******************************************************************************
Thu Jun 30 15:41:08 2022


FIT:    data read from "ver0.1.0LamScan_C_N50r0.14t0-1_20SamStep5000_Graphba210_GSeed875629289_SS1489264107025_THRk4_LOCKRandom_LT0.1_RT0.05_COMPtrue.dat" u 1:3
        format = x:z
        x range restricted to [0.0500000 : 0.250000]
        #datapoints = 4
        residuals are weighted equally (unit weight)

function used for fitting: f(x)
	f(x)=a*exp(-(x-b)**2/(2*c**2))
fitted parameters initialized with current variable values

iter      chisq       delta/lim  lambda   a             b             c            
   0 3.2994623813e-04   0.00e+00  5.10e-02    7.092463e-02   1.316403e-01   7.470163e-02
   5 2.7624060096e-05  -3.32e-02  5.10e-07    7.013475e-02   1.496516e-01   9.648511e-02

After 5 iterations the fit converged.
final sum of squares of residuals : 2.76241e-05
rel. change during last iteration : -3.32471e-07

degrees of freedom    (FIT_NDF)                        : 1
rms of residuals      (FIT_STDFIT) = sqrt(WSSR/ndf)    : 0.00525586
variance of residuals (reduced chisquare) = WSSR/ndf   : 2.76241e-05

Final set of parameters            Asymptotic Standard Error
=======================            ==========================
a               = 0.0701347        +/- 0.004315     (6.152%)
b               = 0.149652         +/- 0.009088     (6.073%)
c               = 0.0964851        +/- 0.01529      (15.85%)

correlation matrix of the fit parameters:
                a      b      c      
a               1.000 
b              -0.208  1.000 
c              -0.682  0.451  1.000 


*******************************************************************************
Thu Jun 30 15:45:14 2022


FIT:    data read from "ver0.1.0LamScan_C_N50r0.14t0-1_20SamStep5000_Graphba210_GSeed875629289_SS1489264107025_THRk4_LOCKRandom_LT0.1_RT0.05_COMPtrue.dat" u 1:3
        format = x:z
        x range restricted to [0.0500000 : 0.250000]
        #datapoints = 4
        residuals are weighted equally (unit weight)

function used for fitting: f(x)
	f(x)=a*exp(-(x-b)**2/(2*c**2))
fitted parameters initialized with current variable values

iter      chisq       delta/lim  lambda   a             b             c            
   0 2.7624060096e-05   0.00e+00  4.66e-02    7.013475e-02   1.496516e-01   9.648511e-02
   1 2.7624060080e-05  -5.76e-05  4.66e-03    7.013475e-02   1.496517e-01   9.648513e-02

After 1 iterations the fit converged.
final sum of squares of residuals : 2.76241e-05
rel. change during last iteration : -5.76311e-10

degrees of freedom    (FIT_NDF)                        : 1
rms of residuals      (FIT_STDFIT) = sqrt(WSSR/ndf)    : 0.00525586
variance of residuals (reduced chisquare) = WSSR/ndf   : 2.76241e-05

Final set of parameters            Asymptotic Standard Error
=======================            ==========================
a               = 0.0701347        +/- 0.004315     (6.152%)
b               = 0.149652         +/- 0.009088     (6.073%)
c               = 0.0964851        +/- 0.01529      (15.85%)

correlation matrix of the fit parameters:
                a      b      c      
a               1.000 
b              -0.208  1.000 
c              -0.682  0.451  1.000 


*******************************************************************************
Fri Jul  1 11:35:47 2022


FIT:    data read from "ver0.1.0CriticalLam_ThisFileN200Size200to3200Lam0.05to0.25_20_NumNet100_GTsw0.1_GS875629289_SIRS1489264107025_THRk4.dat" u 1:3
        format = x:z
        #datapoints = 20
        residuals are weighted equally (unit weight)

function used for fitting: f(x)
	f(x)=a*exp(-(x-b)**2/(2*c**2))
fitted parameters initialized with current variable values

iter      chisq       delta/lim  lambda   a             b             c            
   0 7.9226707891e+00   0.00e+00  6.02e-01    1.000000e+00   1.000000e+00   1.000000e+00
 124 1.7535781518e-03  -2.95e-01  6.02e-07    1.263755e-01   1.944147e-01   5.223192e-02

After 124 iterations the fit converged.
final sum of squares of residuals : 0.00175358
rel. change during last iteration : -2.94947e-06

degrees of freedom    (FIT_NDF)                        : 17
rms of residuals      (FIT_STDFIT) = sqrt(WSSR/ndf)    : 0.0101564
variance of residuals (reduced chisquare) = WSSR/ndf   : 0.000103152

Final set of parameters            Asymptotic Standard Error
=======================            ==========================
a               = 0.126376         +/- 0.004381     (3.467%)
b               = 0.194415         +/- 0.0025       (1.286%)
c               = 0.0522319        +/- 0.002794     (5.349%)

correlation matrix of the fit parameters:
                a      b      c      
a               1.000 
b              -0.152  1.000 
c              -0.590  0.408  1.000 


*******************************************************************************
Fri Jul  1 11:38:22 2022


FIT:    data read from "ver0.1.0CriticalLam_ThisFileN200Size200to3200Lam0.05to0.25_20_NumNet100_GTsw0.1_GS875629289_SIRS1489264107025_THRk4.dat" u 1:3
        format = x:z
        x range restricted to [0.100000 : 0.200000]
        #datapoints = 10
        residuals are weighted equally (unit weight)

function used for fitting: f(x)
	f(x)=a*exp(-(x-b)**2/(2*c**2))
fitted parameters initialized with current variable values

iter      chisq       delta/lim  lambda   a             b             c            
   0 1.1271159333e-03   0.00e+00  1.38e-01    1.263755e-01   1.944147e-01   5.223192e-02
   6 2.2543621106e-04  -5.47e-01  1.38e-06    1.222247e-01   1.756301e-01   3.887978e-02

After 6 iterations the fit converged.
final sum of squares of residuals : 0.000225436
rel. change during last iteration : -5.46876e-06

degrees of freedom    (FIT_NDF)                        : 7
rms of residuals      (FIT_STDFIT) = sqrt(WSSR/ndf)    : 0.00567496
variance of residuals (reduced chisquare) = WSSR/ndf   : 3.22052e-05

Final set of parameters            Asymptotic Standard Error
=======================            ==========================
a               = 0.122225         +/- 0.00291      (2.381%)
b               = 0.17563          +/- 0.002058     (1.172%)
c               = 0.0388798        +/- 0.002134     (5.489%)

correlation matrix of the fit parameters:
                a      b      c      
a               1.000 
b              -0.121  1.000 
c              -0.457  0.729  1.000 


*******************************************************************************
Fri Jul  1 11:38:25 2022


FIT:    data read from "ver0.1.0CriticalLam_ThisFileN200Size200to3200Lam0.05to0.25_20_NumNet100_GTsw0.1_GS875629289_SIRS1489264107025_THRk4.dat" u 1:3
        format = x:z
        x range restricted to [0.100000 : 0.200000]
        #datapoints = 10
        residuals are weighted equally (unit weight)

function used for fitting: f(x)
	f(x)=a*exp(-(x-b)**2/(2*c**2))
fitted parameters initialized with current variable values

iter      chisq       delta/lim  lambda   a             b             c            
   0 2.2543621106e-04   0.00e+00  1.51e-01    1.222247e-01   1.756301e-01   3.887978e-02
   1 2.2543621072e-04  -1.54e-04  1.51e-01    1.222247e-01   1.756302e-01   3.887978e-02

After 1 iterations the fit converged.
final sum of squares of residuals : 0.000225436
rel. change during last iteration : -1.54434e-09

degrees of freedom    (FIT_NDF)                        : 7
rms of residuals      (FIT_STDFIT) = sqrt(WSSR/ndf)    : 0.00567496
variance of residuals (reduced chisquare) = WSSR/ndf   : 3.22052e-05

Final set of parameters            Asymptotic Standard Error
=======================            ==========================
a               = 0.122225         +/- 0.00291      (2.381%)
b               = 0.17563          +/- 0.002058     (1.172%)
c               = 0.0388798        +/- 0.002134     (5.489%)

correlation matrix of the fit parameters:
                a      b      c      
a               1.000 
b              -0.121  1.000 
c              -0.457  0.729  1.000 


*******************************************************************************
Fri Jul  1 11:38:45 2022


FIT:    data read from "ver0.1.0CriticalLam_ThisFileN200Size200to3200Lam0.05to0.25_20_NumNet100_GTsw0.1_GS875629289_SIRS1489264107025_THRk4.dat" u 1:3
        format = x:z
        x range restricted to [0.100000 : 0.250000]
        #datapoints = 15
        residuals are weighted equally (unit weight)

function used for fitting: f(x)
	f(x)=a*exp(-(x-b)**2/(2*c**2))
fitted parameters initialized with current variable values

iter      chisq       delta/lim  lambda   a             b             c            
   0 1.4313318769e-02   0.00e+00  1.58e-01    1.222247e-01   1.756302e-01   3.887978e-02
   5 1.4726637001e-03  -1.95e-03  1.58e-06    1.248900e-01   1.943421e-01   5.423494e-02

After 5 iterations the fit converged.
final sum of squares of residuals : 0.00147266
rel. change during last iteration : -1.95245e-08

degrees of freedom    (FIT_NDF)                        : 12
rms of residuals      (FIT_STDFIT) = sqrt(WSSR/ndf)    : 0.011078
variance of residuals (reduced chisquare) = WSSR/ndf   : 0.000122722

Final set of parameters            Asymptotic Standard Error
=======================            ==========================
a               = 0.12489          +/- 0.00487      (3.9%)
b               = 0.194342         +/- 0.002893     (1.489%)
c               = 0.0542349        +/- 0.003658     (6.745%)

correlation matrix of the fit parameters:
                a      b      c      
a               1.000 
b              -0.150  1.000 
c              -0.623  0.380  1.000 


*******************************************************************************
Fri Jul  1 11:38:52 2022


FIT:    data read from "ver0.1.0CriticalLam_ThisFileN200Size200to3200Lam0.05to0.25_20_NumNet100_GTsw0.1_GS875629289_SIRS1489264107025_THRk4.dat" u 1:3
        format = x:z
        x range restricted to [0.100000 : 0.220000]
        #datapoints = 12
        residuals are weighted equally (unit weight)

function used for fitting: f(x)
	f(x)=a*exp(-(x-b)**2/(2*c**2))
fitted parameters initialized with current variable values

iter      chisq       delta/lim  lambda   a             b             c            
   0 1.2745593697e-03   0.00e+00  1.30e-01    1.248900e-01   1.943421e-01   5.423494e-02
   4 1.1441450364e-03  -7.42e-01  1.30e-05    1.241209e-01   1.890517e-01   4.991766e-02

After 4 iterations the fit converged.
final sum of squares of residuals : 0.00114415
rel. change during last iteration : -7.42373e-06

degrees of freedom    (FIT_NDF)                        : 9
rms of residuals      (FIT_STDFIT) = sqrt(WSSR/ndf)    : 0.0112751
variance of residuals (reduced chisquare) = WSSR/ndf   : 0.000127127

Final set of parameters            Asymptotic Standard Error
=======================            ==========================
a               = 0.124121         +/- 0.005177     (4.171%)
b               = 0.189052         +/- 0.00458      (2.423%)
c               = 0.0499177        +/- 0.004991     (9.998%)

correlation matrix of the fit parameters:
                a      b      c      
a               1.000 
b              -0.137  1.000 
c              -0.480  0.722  1.000 


*******************************************************************************
Fri Jul  1 11:38:59 2022


FIT:    data read from "ver0.1.0CriticalLam_ThisFileN200Size200to3200Lam0.05to0.25_20_NumNet100_GTsw0.1_GS875629289_SIRS1489264107025_THRk4.dat" u 1:3
        format = x:z
        x range restricted to [0.100000 : 0.210000]
        #datapoints = 11
        residuals are weighted equally (unit weight)

function used for fitting: f(x)
	f(x)=a*exp(-(x-b)**2/(2*c**2))
fitted parameters initialized with current variable values

iter      chisq       delta/lim  lambda   a             b             c            
   0 8.5142382147e-04   0.00e+00  1.34e-01    1.241209e-01   1.890517e-01   4.991766e-02
   5 4.7215199819e-04  -1.64e-01  1.34e-06    1.230886e-01   1.806076e-01   4.291871e-02

After 5 iterations the fit converged.
final sum of squares of residuals : 0.000472152
rel. change during last iteration : -1.63881e-06

degrees of freedom    (FIT_NDF)                        : 8
rms of residuals      (FIT_STDFIT) = sqrt(WSSR/ndf)    : 0.00768238
variance of residuals (reduced chisquare) = WSSR/ndf   : 5.9019e-05

Final set of parameters            Asymptotic Standard Error
=======================            ==========================
a               = 0.123089         +/- 0.003768     (3.062%)
b               = 0.180608         +/- 0.002652     (1.468%)
c               = 0.0429187        +/- 0.002898     (6.753%)

correlation matrix of the fit parameters:
                a      b      c      
a               1.000 
b              -0.158  1.000 
c              -0.509  0.686  1.000 


*******************************************************************************
Fri Jul  1 11:47:58 2022


FIT:    data read from "ver0.1.0CriticalLam_ThisFileN400Size200to3200Lam0.05to0.25_20_NumNet100_GTsw0.1_GS875629289_SIRS1489264107025_THRk4.dat" u 1:3
        format = x:z
        x range restricted to [0.100000 : 0.210000]
        #datapoints = 11
        residuals are weighted equally (unit weight)

function used for fitting: f(x)
	f(x)=a*exp(-(x-b)**2/(2*c**2))
fitted parameters initialized with current variable values

iter      chisq       delta/lim  lambda   a             b             c            
   0 2.0682224769e-03   0.00e+00  1.46e-01    1.230886e-01   1.806076e-01   4.291871e-02
   5 5.0645207926e-04  -4.81e-02  1.46e-06    1.191933e-01   1.703217e-01   3.776310e-02

After 5 iterations the fit converged.
final sum of squares of residuals : 0.000506452
rel. change during last iteration : -4.80769e-07

degrees of freedom    (FIT_NDF)                        : 8
rms of residuals      (FIT_STDFIT) = sqrt(WSSR/ndf)    : 0.00795654
variance of residuals (reduced chisquare) = WSSR/ndf   : 6.33065e-05

Final set of parameters            Asymptotic Standard Error
=======================            ==========================
a               = 0.119193         +/- 0.004144     (3.477%)
b               = 0.170322         +/- 0.001803     (1.058%)
c               = 0.0377631        +/- 0.002193     (5.806%)

correlation matrix of the fit parameters:
                a      b      c      
a               1.000 
b              -0.155  1.000 
c              -0.614  0.396  1.000 


*******************************************************************************
Fri Jul  1 11:48:12 2022


FIT:    data read from "ver0.1.0CriticalLam_ThisFileN400Size200to3200Lam0.05to0.25_20_NumNet100_GTsw0.1_GS875629289_SIRS1489264107025_THRk4.dat" u 1:3
        format = x:z
        x range restricted to [0.100000 : 0.210000]
        #datapoints = 11
        residuals are weighted equally (unit weight)

function used for fitting: f(x)
	f(x)=a*exp(-(x-b)**2/(2*c**2))
fitted parameters initialized with current variable values

iter      chisq       delta/lim  lambda   a             b             c            
   0 5.0645207926e-04   0.00e+00  1.56e-01    1.191933e-01   1.703217e-01   3.776310e-02
   1 5.0645207910e-04  -3.16e-05  1.56e-01    1.191933e-01   1.703217e-01   3.776310e-02

After 1 iterations the fit converged.
final sum of squares of residuals : 0.000506452
rel. change during last iteration : -3.15987e-10

degrees of freedom    (FIT_NDF)                        : 8
rms of residuals      (FIT_STDFIT) = sqrt(WSSR/ndf)    : 0.00795654
variance of residuals (reduced chisquare) = WSSR/ndf   : 6.33065e-05

Final set of parameters            Asymptotic Standard Error
=======================            ==========================
a               = 0.119193         +/- 0.004144     (3.477%)
b               = 0.170322         +/- 0.001803     (1.058%)
c               = 0.0377631        +/- 0.002193     (5.806%)

correlation matrix of the fit parameters:
                a      b      c      
a               1.000 
b              -0.155  1.000 
c              -0.614  0.396  1.000 


*******************************************************************************
Fri Jul  1 11:49:25 2022


FIT:    data read from "ver0.1.0CriticalLam_ThisFileN400Size200to3200Lam0.05to0.25_20_NumNet100_GTsw0.1_GS875629289_SIRS1489264107025_THRk4.dat" u 1:3
        format = x:z
        x range restricted to [0.100000 : 0.250000]
        #datapoints = 15
        residuals are weighted equally (unit weight)

function used for fitting: f(x)
	f(x)=a*exp(-(x-b)**2/(2*c**2))
fitted parameters initialized with current variable values

iter      chisq       delta/lim  lambda   a             b             c            
   0 1.3276562409e-02   0.00e+00  1.52e-01    1.191933e-01   1.703217e-01   3.776310e-02
   6 3.0288130499e-03  -5.93e-02  1.52e-07    1.113700e-01   1.878455e-01   5.782202e-02

After 6 iterations the fit converged.
final sum of squares of residuals : 0.00302881
rel. change during last iteration : -5.9321e-07

degrees of freedom    (FIT_NDF)                        : 12
rms of residuals      (FIT_STDFIT) = sqrt(WSSR/ndf)    : 0.0158871
variance of residuals (reduced chisquare) = WSSR/ndf   : 0.000252401

Final set of parameters            Asymptotic Standard Error
=======================            ==========================
a               = 0.11137          +/- 0.006903     (6.198%)
b               = 0.187846         +/- 0.004692     (2.498%)
c               = 0.057822         +/- 0.006444     (11.15%)

correlation matrix of the fit parameters:
                a      b      c      
a               1.000 
b              -0.115  1.000 
c              -0.645  0.277  1.000 


*******************************************************************************
Fri Jul  1 11:49:33 2022


FIT:    data read from "ver0.1.0CriticalLam_ThisFileN400Size200to3200Lam0.05to0.25_20_NumNet100_GTsw0.1_GS875629289_SIRS1489264107025_THRk4.dat" u 1:3
        format = x:z
        x range restricted to [0.100000 : 0.230000]
        #datapoints = 13
        residuals are weighted equally (unit weight)

function used for fitting: f(x)
	f(x)=a*exp(-(x-b)**2/(2*c**2))
fitted parameters initialized with current variable values

iter      chisq       delta/lim  lambda   a             b             c            
   0 2.7339211651e-03   0.00e+00  1.11e-01    1.113700e-01   1.878455e-01   5.782202e-02
   5 2.2287033007e-03  -2.34e-01  1.11e-06    1.143042e-01   1.806580e-01   4.930705e-02

After 5 iterations the fit converged.
final sum of squares of residuals : 0.0022287
rel. change during last iteration : -2.34146e-06

degrees of freedom    (FIT_NDF)                        : 10
rms of residuals      (FIT_STDFIT) = sqrt(WSSR/ndf)    : 0.0149288
variance of residuals (reduced chisquare) = WSSR/ndf   : 0.00022287

Final set of parameters            Asymptotic Standard Error
=======================            ==========================
a               = 0.114304         +/- 0.006964     (6.092%)
b               = 0.180658         +/- 0.004175     (2.311%)
c               = 0.0493071        +/- 0.005458     (11.07%)

correlation matrix of the fit parameters:
                a      b      c      
a               1.000 
b              -0.155  1.000 
c              -0.629  0.390  1.000 


*******************************************************************************
Fri Jul  1 11:49:43 2022


FIT:    data read from "ver0.1.0CriticalLam_ThisFileN400Size200to3200Lam0.05to0.25_20_NumNet100_GTsw0.1_GS875629289_SIRS1489264107025_THRk4.dat" u 1:3
        format = x:z
        x range restricted to [0.100000 : 0.220000]
        #datapoints = 12
        residuals are weighted equally (unit weight)

function used for fitting: f(x)
	f(x)=a*exp(-(x-b)**2/(2*c**2))
fitted parameters initialized with current variable values

iter      chisq       delta/lim  lambda   a             b             c            
   0 1.8836843282e-03   0.00e+00  1.25e-01    1.143042e-01   1.806580e-01   4.930705e-02
   5 1.5980693467e-03  -5.91e-02  1.25e-06    1.163672e-01   1.759303e-01   4.397501e-02

After 5 iterations the fit converged.
final sum of squares of residuals : 0.00159807
rel. change during last iteration : -5.90705e-07

degrees of freedom    (FIT_NDF)                        : 9
rms of residuals      (FIT_STDFIT) = sqrt(WSSR/ndf)    : 0.0133253
variance of residuals (reduced chisquare) = WSSR/ndf   : 0.000177563

Final set of parameters            Asymptotic Standard Error
=======================            ==========================
a               = 0.116367         +/- 0.006519     (5.602%)
b               = 0.17593          +/- 0.003457     (1.965%)
c               = 0.043975         +/- 0.004365     (9.927%)

correlation matrix of the fit parameters:
                a      b      c      
a               1.000 
b              -0.161  1.000 
c              -0.620  0.412  1.000 


*******************************************************************************
Fri Jul  1 11:51:46 2022


FIT:    data read from "ver0.1.0CriticalLam_ThisFileN400Size200to3200Lam0.05to0.25_20_NumNet100000_GTsw0.1_GS875629289_SIRS1489264107025_THRk4.dat" u 1:3
        format = x:z
        x range restricted to [0.100000 : 0.220000]
        #datapoints = 12
        residuals are weighted equally (unit weight)

function used for fitting: f(x)
	f(x)=a*exp(-(x-b)**2/(2*c**2))
fitted parameters initialized with current variable values

iter      chisq       delta/lim  lambda   a             b             c            
   0 5.6873412816e-03   0.00e+00  1.39e-01    1.163672e-01   1.759303e-01   4.397501e-02
   4 5.6977581056e-04  -2.70e-03  1.39e-05    1.413617e-01   1.853915e-01   4.436076e-02

After 4 iterations the fit converged.
final sum of squares of residuals : 0.000569776
rel. change during last iteration : -2.7003e-08

degrees of freedom    (FIT_NDF)                        : 9
rms of residuals      (FIT_STDFIT) = sqrt(WSSR/ndf)    : 0.00795666
variance of residuals (reduced chisquare) = WSSR/ndf   : 6.33084e-05

Final set of parameters            Asymptotic Standard Error
=======================            ==========================
a               = 0.141362         +/- 0.003828     (2.708%)
b               = 0.185392         +/- 0.002121     (1.144%)
c               = 0.0443608        +/- 0.0024       (5.41%)

correlation matrix of the fit parameters:
                a      b      c      
a               1.000 
b              -0.180  1.000 
c              -0.554  0.614  1.000 


*******************************************************************************
Fri Jul  1 11:52:08 2022


FIT:    data read from "ver0.1.0CriticalLam_ThisFileN400Size200to3200Lam0.05to0.25_20_NumNet100000_GTsw0.1_GS875629289_SIRS1489264107025_THRk4.dat" u 1:3
        format = x:z
        x range restricted to [0.100000 : 0.200000]
        #datapoints = 10
        residuals are weighted equally (unit weight)

function used for fitting: f(x)
	f(x)=a*exp(-(x-b)**2/(2*c**2))
fitted parameters initialized with current variable values

iter      chisq       delta/lim  lambda   a             b             c            
   0 4.7215651113e-04   0.00e+00  1.63e-01    1.413617e-01   1.853915e-01   4.436076e-02
   5 2.0252473825e-04  -1.63e-01  1.63e-06    1.400514e-01   1.782799e-01   3.862592e-02

After 5 iterations the fit converged.
final sum of squares of residuals : 0.000202525
rel. change during last iteration : -1.63033e-06

degrees of freedom    (FIT_NDF)                        : 7
rms of residuals      (FIT_STDFIT) = sqrt(WSSR/ndf)    : 0.00537886
variance of residuals (reduced chisquare) = WSSR/ndf   : 2.89321e-05

Final set of parameters            Asymptotic Standard Error
=======================            ==========================
a               = 0.140051         +/- 0.002763     (1.973%)
b               = 0.17828          +/- 0.001864     (1.046%)
c               = 0.0386259        +/- 0.001832     (4.742%)

correlation matrix of the fit parameters:
                a      b      c      
a               1.000 
b              -0.065  1.000 
c              -0.390  0.765  1.000 


*******************************************************************************
Fri Jul  1 11:57:59 2022


FIT:    data read from "ver0.1.0CriticalLam_ThisFileN600Size200to3200Lam0.05to0.25_20_NumNet100000_GTsw0.1_GS875629289_SIRS1489264107025_THRk4.dat" u 1:3
        format = x:z
        x range restricted to [0.100000 : 0.220000]
        #datapoints = 12
        residuals are weighted equally (unit weight)

function used for fitting: f(x)
	f(x)=a*exp(-(x-b)**2/(2*c**2))
fitted parameters initialized with current variable values

iter      chisq       delta/lim  lambda   a             b             c            
   0 2.0994326998e-03   0.00e+00  1.84e-01    1.400514e-01   1.782799e-01   3.862592e-02
   5 8.9927705832e-04  -1.09e-02  1.84e-02    1.432514e-01   1.817505e-01   4.443394e-02

After 5 iterations the fit converged.
final sum of squares of residuals : 0.000899277
rel. change during last iteration : -1.08743e-07

degrees of freedom    (FIT_NDF)                        : 9
rms of residuals      (FIT_STDFIT) = sqrt(WSSR/ndf)    : 0.00999598
variance of residuals (reduced chisquare) = WSSR/ndf   : 9.99197e-05

Final set of parameters            Asymptotic Standard Error
=======================            ==========================
a               = 0.143251         +/- 0.004836     (3.376%)
b               = 0.18175          +/- 0.002408     (1.325%)
c               = 0.0444339        +/- 0.002861     (6.439%)

correlation matrix of the fit parameters:
                a      b      c      
a               1.000 
b              -0.185  1.000 
c              -0.586  0.546  1.000 


*******************************************************************************
Fri Jul  1 11:58:16 2022


FIT:    data read from "ver0.1.0CriticalLam_ThisFileN600Size200to3200Lam0.05to0.25_20_NumNet100000_GTsw0.1_GS875629289_SIRS1489264107025_THRk4.dat" u 1:3
        format = x:z
        x range restricted to [0.100000 : 0.200000]
        #datapoints = 10
        residuals are weighted equally (unit weight)

function used for fitting: f(x)
	f(x)=a*exp(-(x-b)**2/(2*c**2))
fitted parameters initialized with current variable values

iter      chisq       delta/lim  lambda   a             b             c            
   0 7.6305761235e-04   0.00e+00  1.64e-01    1.432514e-01   1.817505e-01   4.443394e-02
   5 3.8808692993e-04  -3.55e-01  1.64e-06    1.431118e-01   1.746762e-01   3.830962e-02

After 5 iterations the fit converged.
final sum of squares of residuals : 0.000388087
rel. change during last iteration : -3.5488e-06

degrees of freedom    (FIT_NDF)                        : 7
rms of residuals      (FIT_STDFIT) = sqrt(WSSR/ndf)    : 0.00744587
variance of residuals (reduced chisquare) = WSSR/ndf   : 5.5441e-05

Final set of parameters            Asymptotic Standard Error
=======================            ==========================
a               = 0.143112         +/- 0.003843     (2.686%)
b               = 0.174676         +/- 0.002174     (1.245%)
c               = 0.0383096        +/- 0.002296     (5.993%)

correlation matrix of the fit parameters:
                a      b      c      
a               1.000 
b              -0.140  1.000 
c              -0.482  0.708  1.000 


*******************************************************************************
Fri Jul  1 11:58:34 2022


FIT:    data read from "ver0.1.0CriticalLam_ThisFileN600Size200to3200Lam0.05to0.25_20_NumNet100000_GTsw0.1_GS875629289_SIRS1489264107025_THRk4.dat" u 1:3
        format = x:z
        x range restricted to [0.120000 : 0.200000]
        #datapoints = 8
        residuals are weighted equally (unit weight)

function used for fitting: f(x)
	f(x)=a*exp(-(x-b)**2/(2*c**2))
fitted parameters initialized with current variable values

iter      chisq       delta/lim  lambda   a             b             c            
   0 2.4300322167e-04   0.00e+00  1.84e-01    1.431118e-01   1.746762e-01   3.830962e-02
   5 1.1928806241e-04  -7.93e-03  1.84e-06    1.401963e-01   1.759127e-01   4.277626e-02

After 5 iterations the fit converged.
final sum of squares of residuals : 0.000119288
rel. change during last iteration : -7.92948e-08

degrees of freedom    (FIT_NDF)                        : 5
rms of residuals      (FIT_STDFIT) = sqrt(WSSR/ndf)    : 0.00488443
variance of residuals (reduced chisquare) = WSSR/ndf   : 2.38576e-05

Final set of parameters            Asymptotic Standard Error
=======================            ==========================
a               = 0.140196         +/- 0.002615     (1.866%)
b               = 0.175913         +/- 0.001893     (1.076%)
c               = 0.0427763        +/- 0.002574     (6.018%)

correlation matrix of the fit parameters:
                a      b      c      
a               1.000 
b              -0.182  1.000 
c              -0.539  0.727  1.000 


*******************************************************************************
Fri Jul  1 12:03:30 2022


FIT:    data read from "ver0.1.0CriticalLam_ThisFileN1000Size200to3200Lam0.05to0.25_20_NumNet100000_GTsw0.1_GS875629289_SIRS1489264107025_THRk4.dat" u 1:3
        format = x:z
        x range restricted to [0.120000 : 0.200000]
        #datapoints = 8
        residuals are weighted equally (unit weight)

function used for fitting: f(x)
	f(x)=a*exp(-(x-b)**2/(2*c**2))
fitted parameters initialized with current variable values

iter      chisq       delta/lim  lambda   a             b             c            
   0 3.1581189160e-04   0.00e+00  1.63e-01    1.401963e-01   1.759127e-01   4.277626e-02
   4 1.9281695214e-04  -9.24e-02  1.63e-05    1.409904e-01   1.761930e-01   3.983385e-02

After 4 iterations the fit converged.
final sum of squares of residuals : 0.000192817
rel. change during last iteration : -9.24435e-07

degrees of freedom    (FIT_NDF)                        : 5
rms of residuals      (FIT_STDFIT) = sqrt(WSSR/ndf)    : 0.00620994
variance of residuals (reduced chisquare) = WSSR/ndf   : 3.85634e-05

Final set of parameters            Asymptotic Standard Error
=======================            ==========================
a               = 0.14099          +/- 0.00337      (2.39%)
b               = 0.176193         +/- 0.002141     (1.215%)
c               = 0.0398339        +/- 0.002765     (6.941%)

correlation matrix of the fit parameters:
                a      b      c      
a               1.000 
b              -0.181  1.000 
c              -0.537  0.715  1.000 


*******************************************************************************
Fri Jul  1 12:06:35 2022


FIT:    data read from "ver0.1.0CriticalLam_ThisFileN1200Size200to3200Lam0.05to0.25_20_NumNet100000_GTsw0.1_GS875629289_SIRS1489264107025_THRk4.dat" u 1:3
        format = x:z
        x range restricted to [0.120000 : 0.200000]
        #datapoints = 8
        residuals are weighted equally (unit weight)

function used for fitting: f(x)
	f(x)=a*exp(-(x-b)**2/(2*c**2))
fitted parameters initialized with current variable values

iter      chisq       delta/lim  lambda   a             b             c            
   0 2.6725163602e-04   0.00e+00  1.75e-01    1.409904e-01   1.761930e-01   3.983385e-02
   4 2.3188795981e-04  -2.33e-03  1.75e-02    1.413040e-01   1.765092e-01   3.860353e-02

After 4 iterations the fit converged.
final sum of squares of residuals : 0.000231888
rel. change during last iteration : -2.33254e-08

degrees of freedom    (FIT_NDF)                        : 5
rms of residuals      (FIT_STDFIT) = sqrt(WSSR/ndf)    : 0.00681011
variance of residuals (reduced chisquare) = WSSR/ndf   : 4.63776e-05

Final set of parameters            Asymptotic Standard Error
=======================            ==========================
a               = 0.141304         +/- 0.003716     (2.63%)
b               = 0.176509         +/- 0.002251     (1.275%)
c               = 0.0386035        +/- 0.002829     (7.329%)

correlation matrix of the fit parameters:
                a      b      c      
a               1.000 
b              -0.178  1.000 
c              -0.533  0.713  1.000 


*******************************************************************************
Fri Jul  1 12:08:37 2022


FIT:    data read from "ver0.1.0CriticalLam_ThisFileN1600Size200to3200Lam0.05to0.25_20_NumNet100000_GTsw0.1_GS875629289_SIRS1489264107025_THRk4.dat" u 1:3
        format = x:z
        x range restricted to [0.120000 : 0.200000]
        #datapoints = 8
        residuals are weighted equally (unit weight)

function used for fitting: f(x)
	f(x)=a*exp(-(x-b)**2/(2*c**2))
fitted parameters initialized with current variable values

iter      chisq       delta/lim  lambda   a             b             c            
   0 2.4042286595e-04   0.00e+00  1.81e-01    1.413040e-01   1.765092e-01   3.860353e-02
   4 2.2411942116e-04  -1.27e-02  1.81e-05    1.407885e-01   1.776741e-01   3.918686e-02

After 4 iterations the fit converged.
final sum of squares of residuals : 0.000224119
rel. change during last iteration : -1.26838e-07

degrees of freedom    (FIT_NDF)                        : 5
rms of residuals      (FIT_STDFIT) = sqrt(WSSR/ndf)    : 0.00669506
variance of residuals (reduced chisquare) = WSSR/ndf   : 4.48239e-05

Final set of parameters            Asymptotic Standard Error
=======================            ==========================
a               = 0.140788         +/- 0.00362      (2.571%)
b               = 0.177674         +/- 0.002396     (1.349%)
c               = 0.0391869        +/- 0.002925     (7.464%)

correlation matrix of the fit parameters:
                a      b      c      
a               1.000 
b              -0.156  1.000 
c              -0.500  0.742  1.000 


*******************************************************************************
Fri Jul  1 12:09:12 2022


FIT:    data read from "ver0.1.0CriticalLam_ThisFileN1600Size200to3200Lam0.05to0.25_20_NumNet100000_GTsw0.1_GS875629289_SIRS1489264107025_THRk4.dat" u 1:3
        format = x:z
        x range restricted to [0.140000 : 0.200000]
        #datapoints = 6
        residuals are weighted equally (unit weight)

function used for fitting: f(x)
	f(x)=a*exp(-(x-b)**2/(2*c**2))
fitted parameters initialized with current variable values

iter      chisq       delta/lim  lambda   a             b             c            
   0 1.3108940101e-04   0.00e+00  1.63e-01    1.407885e-01   1.776741e-01   3.918686e-02
   5 1.0921821816e-05  -1.93e-01  1.63e-06    1.366800e-01   1.794989e-01   4.987006e-02

After 5 iterations the fit converged.
final sum of squares of residuals : 1.09218e-05
rel. change during last iteration : -1.92515e-06

degrees of freedom    (FIT_NDF)                        : 3
rms of residuals      (FIT_STDFIT) = sqrt(WSSR/ndf)    : 0.00190804
variance of residuals (reduced chisquare) = WSSR/ndf   : 3.64061e-06

Final set of parameters            Asymptotic Standard Error
=======================            ==========================
a               = 0.13668          +/- 0.001156     (0.8454%)
b               = 0.179499         +/- 0.001244     (0.6929%)
c               = 0.0498701        +/- 0.002837     (5.689%)

correlation matrix of the fit parameters:
                a      b      c      
a               1.000 
b              -0.238  1.000 
c              -0.630  0.695  1.000 


*******************************************************************************
Fri Jul  1 12:09:17 2022


FIT:    data read from "ver0.1.0CriticalLam_ThisFileN1600Size200to3200Lam0.05to0.25_20_NumNet100000_GTsw0.1_GS875629289_SIRS1489264107025_THRk4.dat" u 1:3
        format = x:z
        x range restricted to [0.140000 : 0.220000]
        #datapoints = 8
        residuals are weighted equally (unit weight)

function used for fitting: f(x)
	f(x)=a*exp(-(x-b)**2/(2*c**2))
fitted parameters initialized with current variable values

iter      chisq       delta/lim  lambda   a             b             c            
   0 2.8154133864e-04   0.00e+00  1.35e-01    1.366800e-01   1.794989e-01   4.987006e-02
   5 4.2072258519e-05  -2.12e-03  1.35e-06    1.356135e-01   1.833181e-01   5.850194e-02

After 5 iterations the fit converged.
final sum of squares of residuals : 4.20723e-05
rel. change during last iteration : -2.11639e-08

degrees of freedom    (FIT_NDF)                        : 5
rms of residuals      (FIT_STDFIT) = sqrt(WSSR/ndf)    : 0.00290077
variance of residuals (reduced chisquare) = WSSR/ndf   : 8.41445e-06

Final set of parameters            Asymptotic Standard Error
=======================            ==========================
a               = 0.135614         +/- 0.001607     (1.185%)
b               = 0.183318         +/- 0.001254     (0.6843%)
c               = 0.0585019        +/- 0.003383     (5.783%)

correlation matrix of the fit parameters:
                a      b      c      
a               1.000 
b              -0.060  1.000 
c              -0.722  0.138  1.000 


*******************************************************************************
Fri Jul  1 12:09:24 2022


FIT:    data read from "ver0.1.0CriticalLam_ThisFileN1600Size200to3200Lam0.05to0.25_20_NumNet100000_GTsw0.1_GS875629289_SIRS1489264107025_THRk4.dat" u 1:3
        format = x:z
        x range restricted to [0.150000 : 0.200000]
        #datapoints = 5
        residuals are weighted equally (unit weight)

function used for fitting: f(x)
	f(x)=a*exp(-(x-b)**2/(2*c**2))
fitted parameters initialized with current variable values

iter      chisq       delta/lim  lambda   a             b             c            
   0 2.3057447490e-05   0.00e+00  9.91e-02    1.356135e-01   1.833181e-01   5.850194e-02
   4 1.3436523578e-06  -9.96e-01  9.91e-06    1.356285e-01   1.794361e-01   5.645422e-02

After 4 iterations the fit converged.
final sum of squares of residuals : 1.34365e-06
rel. change during last iteration : -9.9624e-06

degrees of freedom    (FIT_NDF)                        : 2
rms of residuals      (FIT_STDFIT) = sqrt(WSSR/ndf)    : 0.00081965
variance of residuals (reduced chisquare) = WSSR/ndf   : 6.71826e-07

Final set of parameters            Asymptotic Standard Error
=======================            ==========================
a               = 0.135628         +/- 0.0005684    (0.4191%)
b               = 0.179436         +/- 0.0006786    (0.3782%)
c               = 0.0564542        +/- 0.002745     (4.863%)

correlation matrix of the fit parameters:
                a      b      c      
a               1.000 
b              -0.194  1.000 
c              -0.733  0.424  1.000 


*******************************************************************************
Fri Jul  1 12:09:32 2022


FIT:    data read from "ver0.1.0CriticalLam_ThisFileN1600Size200to3200Lam0.05to0.25_20_NumNet100000_GTsw0.1_GS875629289_SIRS1489264107025_THRk4.dat" u 1:3
        format = x:z
        x range restricted to [0.100000 : 0.200000]
        #datapoints = 10
        residuals are weighted equally (unit weight)

function used for fitting: f(x)
	f(x)=a*exp(-(x-b)**2/(2*c**2))
fitted parameters initialized with current variable values

iter      chisq       delta/lim  lambda   a             b             c            
   0 6.7639745933e-03   0.00e+00  1.31e-01    1.356285e-01   1.794361e-01   5.645422e-02
   7 5.9938478865e-04  -4.46e-02  1.31e-02    1.437046e-01   1.763909e-01   3.528102e-02

After 7 iterations the fit converged.
final sum of squares of residuals : 0.000599385
rel. change during last iteration : -4.45664e-07

degrees of freedom    (FIT_NDF)                        : 7
rms of residuals      (FIT_STDFIT) = sqrt(WSSR/ndf)    : 0.00925345
variance of residuals (reduced chisquare) = WSSR/ndf   : 8.56264e-05

Final set of parameters            Asymptotic Standard Error
=======================            ==========================
a               = 0.143705         +/- 0.00492      (3.424%)
b               = 0.176391         +/- 0.00252      (1.429%)
c               = 0.035281         +/- 0.002578     (7.308%)

correlation matrix of the fit parameters:
                a      b      c      
a               1.000 
b              -0.133  1.000 
c              -0.474  0.702  1.000 


*******************************************************************************
Fri Jul  1 12:10:14 2022


FIT:    data read from "ver0.1.0CriticalLam_ThisFileN1200Size200to3200Lam0.05to0.25_20_NumNet100000_GTsw0.1_GS875629289_SIRS1489264107025_THRk4.dat" u 1:3
        format = x:z
        x range restricted to [0.120000 : 0.200000]
        #datapoints = 8
        residuals are weighted equally (unit weight)

function used for fitting: f(x)
	f(x)=a*exp(-(x-b)**2/(2*c**2))
fitted parameters initialized with current variable values

iter      chisq       delta/lim  lambda   a             b             c            
   0 3.9817089893e-04   0.00e+00  2.00e-01    1.437046e-01   1.763909e-01   3.528102e-02
   4 2.3188800963e-04  -4.50e-01  2.00e-05    1.413058e-01   1.765078e-01   3.860130e-02

After 4 iterations the fit converged.
final sum of squares of residuals : 0.000231888
rel. change during last iteration : -4.49696e-06

degrees of freedom    (FIT_NDF)                        : 5
rms of residuals      (FIT_STDFIT) = sqrt(WSSR/ndf)    : 0.00681011
variance of residuals (reduced chisquare) = WSSR/ndf   : 4.63776e-05

Final set of parameters            Asymptotic Standard Error
=======================            ==========================
a               = 0.141306         +/- 0.003716     (2.63%)
b               = 0.176508         +/- 0.00225      (1.275%)
c               = 0.0386013        +/- 0.002829     (7.329%)

correlation matrix of the fit parameters:
                a      b      c      
a               1.000 
b              -0.178  1.000 
c              -0.533  0.713  1.000 


*******************************************************************************
Fri Jul  1 12:12:56 2022


FIT:    data read from "ver0.1.0CriticalLam_ThisFileN2000Size200to3200Lam0.05to0.25_20_NumNet100000_GTsw0.1_GS875629289_SIRS1489264107025_THRk4.dat" u 1:3
        format = x:z
        x range restricted to [0.100000 : 0.200000]
        #datapoints = 10
        residuals are weighted equally (unit weight)

function used for fitting: f(x)
	f(x)=a*exp(-(x-b)**2/(2*c**2))
fitted parameters initialized with current variable values

iter      chisq       delta/lim  lambda   a             b             c            
   0 8.8403636941e-04   0.00e+00  1.75e-01    1.413058e-01   1.765078e-01   3.860130e-02
   5 6.1645898599e-04  -4.95e-01  1.75e-06    1.438697e-01   1.761753e-01   3.528632e-02

After 5 iterations the fit converged.
final sum of squares of residuals : 0.000616459
rel. change during last iteration : -4.95113e-06

degrees of freedom    (FIT_NDF)                        : 7
rms of residuals      (FIT_STDFIT) = sqrt(WSSR/ndf)    : 0.00938433
variance of residuals (reduced chisquare) = WSSR/ndf   : 8.80656e-05

Final set of parameters            Asymptotic Standard Error
=======================            ==========================
a               = 0.14387          +/- 0.00499      (3.469%)
b               = 0.176175         +/- 0.002533     (1.438%)
c               = 0.0352863        +/- 0.002601     (7.371%)

correlation matrix of the fit parameters:
                a      b      c      
a               1.000 
b              -0.136  1.000 
c              -0.478  0.699  1.000 


*******************************************************************************
Fri Jul  1 12:15:06 2022


FIT:    data read from "ver0.1.0CriticalLam_ThisFileN2400Size200to3200Lam0.05to0.25_20_NumNet100000_GTsw0.1_GS875629289_SIRS1489264107025_THRk4.dat" u 1:3
        format = x:z
        x range restricted to [0.100000 : 0.200000]
        #datapoints = 10
        residuals are weighted equally (unit weight)

function used for fitting: f(x)
	f(x)=a*exp(-(x-b)**2/(2*c**2))
fitted parameters initialized with current variable values

iter      chisq       delta/lim  lambda   a             b             c            
   0 6.8183884348e-04   0.00e+00  1.89e-01    1.438697e-01   1.761753e-01   3.528632e-02
   4 6.7048627568e-04  -8.36e-02  1.89e-02    1.441806e-01   1.761486e-01   3.469649e-02

After 4 iterations the fit converged.
final sum of squares of residuals : 0.000670486
rel. change during last iteration : -8.36093e-07

degrees of freedom    (FIT_NDF)                        : 7
rms of residuals      (FIT_STDFIT) = sqrt(WSSR/ndf)    : 0.00978692
variance of residuals (reduced chisquare) = WSSR/ndf   : 9.57838e-05

Final set of parameters            Asymptotic Standard Error
=======================            ==========================
a               = 0.144181         +/- 0.005241     (3.635%)
b               = 0.176149         +/- 0.002565     (1.456%)
c               = 0.0346965        +/- 0.00264      (7.608%)

correlation matrix of the fit parameters:
                a      b      c      
a               1.000 
b              -0.140  1.000 
c              -0.484  0.691  1.000 


*******************************************************************************
Fri Jul  1 12:15:47 2022


FIT:    data read from "ver0.1.0CriticalLam_ThisFileN2800Size200to3200Lam0.05to0.25_20_NumNet100000_GTsw0.1_GS875629289_SIRS1489264107025_THRk4.dat" u 1:3
        format = x:z
        x range restricted to [0.100000 : 0.200000]
        #datapoints = 10
        residuals are weighted equally (unit weight)

function used for fitting: f(x)
	f(x)=a*exp(-(x-b)**2/(2*c**2))
fitted parameters initialized with current variable values

iter      chisq       delta/lim  lambda   a             b             c            
   0 7.4958540403e-04   0.00e+00  1.92e-01    1.441806e-01   1.761486e-01   3.469649e-02
   4 7.4552955491e-04  -3.53e-03  1.92e-01    1.451563e-01   1.760141e-01   3.454879e-02

After 4 iterations the fit converged.
final sum of squares of residuals : 0.00074553
rel. change during last iteration : -3.53337e-08

degrees of freedom    (FIT_NDF)                        : 7
rms of residuals      (FIT_STDFIT) = sqrt(WSSR/ndf)    : 0.0103201
variance of residuals (reduced chisquare) = WSSR/ndf   : 0.000106504

Final set of parameters            Asymptotic Standard Error
=======================            ==========================
a               = 0.145156         +/- 0.005537     (3.815%)
b               = 0.176014         +/- 0.002655     (1.508%)
c               = 0.0345488        +/- 0.00274      (7.932%)

correlation matrix of the fit parameters:
                a      b      c      
a               1.000 
b              -0.143  1.000 
c              -0.489  0.686  1.000 


*******************************************************************************
Fri Jul  1 12:16:35 2022


FIT:    data read from "ver0.1.0CriticalLam_ThisFileN3200Size200to3200Lam0.05to0.25_20_NumNet100000_GTsw0.1_GS875629289_SIRS1489264107025_THRk4.dat" u 1:3
        format = x:z
        x range restricted to [0.100000 : 0.200000]
        #datapoints = 10
        residuals are weighted equally (unit weight)

function used for fitting: f(x)
	f(x)=a*exp(-(x-b)**2/(2*c**2))
fitted parameters initialized with current variable values

iter      chisq       delta/lim  lambda   a             b             c            
   0 7.7266166383e-04   0.00e+00  1.94e-01    1.451563e-01   1.760141e-01   3.454879e-02
   3 7.6318286271e-04  -1.90e-02  1.94e-04    1.450179e-01   1.754584e-01   3.455610e-02

After 3 iterations the fit converged.
final sum of squares of residuals : 0.000763183
rel. change during last iteration : -1.89926e-07

degrees of freedom    (FIT_NDF)                        : 7
rms of residuals      (FIT_STDFIT) = sqrt(WSSR/ndf)    : 0.0104416
variance of residuals (reduced chisquare) = WSSR/ndf   : 0.000109026

Final set of parameters            Asymptotic Standard Error
=======================            ==========================
a               = 0.145018         +/- 0.005605     (3.865%)
b               = 0.175458         +/- 0.002634     (1.501%)
c               = 0.0345561        +/- 0.002745     (7.943%)

correlation matrix of the fit parameters:
                a      b      c      
a               1.000 
b              -0.150  1.000 
c              -0.499  0.676  1.000 


*******************************************************************************
Fri Jul  1 12:16:57 2022


FIT:    data read from "ver0.1.0CriticalLam_ThisFileN3200Size200to3200Lam0.05to0.25_20_NumNet100000_GTsw0.1_GS875629289_SIRS1489264107025_THRk4.dat" u 1:3
        format = x:z
        x range restricted to [0.120000 : 0.200000]
        #datapoints = 8
        residuals are weighted equally (unit weight)

function used for fitting: f(x)
	f(x)=a*exp(-(x-b)**2/(2*c**2))
fitted parameters initialized with current variable values

iter      chisq       delta/lim  lambda   a             b             c            
   0 4.3215398300e-04   0.00e+00  2.06e-01    1.450179e-01   1.754584e-01   3.455610e-02
   5 2.5024425809e-04  -1.56e-02  2.06e-06    1.415700e-01   1.766874e-01   3.882565e-02

After 5 iterations the fit converged.
final sum of squares of residuals : 0.000250244
rel. change during last iteration : -1.56091e-07

degrees of freedom    (FIT_NDF)                        : 5
rms of residuals      (FIT_STDFIT) = sqrt(WSSR/ndf)    : 0.00707452
variance of residuals (reduced chisquare) = WSSR/ndf   : 5.00489e-05

Final set of parameters            Asymptotic Standard Error
=======================            ==========================
a               = 0.14157          +/- 0.003851     (2.721%)
b               = 0.176687         +/- 0.002375     (1.344%)
c               = 0.0388257        +/- 0.002977     (7.668%)

correlation matrix of the fit parameters:
                a      b      c      
a               1.000 
b              -0.175  1.000 
c              -0.528  0.719  1.000 


*******************************************************************************
Fri Jul  1 12:17:06 2022


FIT:    data read from "ver0.1.0CriticalLam_ThisFileN3200Size200to3200Lam0.05to0.25_20_NumNet100000_GTsw0.1_GS875629289_SIRS1489264107025_THRk4.dat" u 1:3
        format = x:z
        x range restricted to [0.110000 : 0.200000]
        #datapoints = 9
        residuals are weighted equally (unit weight)

function used for fitting: f(x)
	f(x)=a*exp(-(x-b)**2/(2*c**2))
fitted parameters initialized with current variable values

iter      chisq       delta/lim  lambda   a             b             c            
   0 7.1628201692e-04   0.00e+00  1.80e-01    1.415700e-01   1.766874e-01   3.882565e-02
   5 5.7774571622e-04  -1.61e-01  1.80e-06    1.438901e-01   1.758602e-01   3.576325e-02

After 5 iterations the fit converged.
final sum of squares of residuals : 0.000577746
rel. change during last iteration : -1.60684e-06

degrees of freedom    (FIT_NDF)                        : 6
rms of residuals      (FIT_STDFIT) = sqrt(WSSR/ndf)    : 0.0098128
variance of residuals (reduced chisquare) = WSSR/ndf   : 9.6291e-05

Final set of parameters            Asymptotic Standard Error
=======================            ==========================
a               = 0.14389          +/- 0.005288     (3.675%)
b               = 0.17586          +/- 0.002696     (1.533%)
c               = 0.0357632        +/- 0.002963     (8.284%)

correlation matrix of the fit parameters:
                a      b      c      
a               1.000 
b              -0.159  1.000 
c              -0.508  0.694  1.000 


*******************************************************************************
Fri Jul  1 12:18:44 2022


FIT:    data read from "critical_lambdas_file.dat" u 1:2
        format = x:z
        x range restricted to [0.110000 : 0.200000]
BREAK: No data to fit

*******************************************************************************
Fri Jul  1 12:18:54 2022


FIT:    data read from "critical_lambdas_file.dat" u 1:2
        format = x:z
        #datapoints = 10
        residuals are weighted equally (unit weight)

function used for fitting: f(x)
	f(x)= l + a*(x**b)
fitted parameters initialized with current variable values



*******************************************************************************
Fri Jul  1 12:19:05 2022


FIT:    data read from "critical_lambdas_file.dat" u 1:2
        format = x:z
        #datapoints = 10
        residuals are weighted equally (unit weight)

function used for fitting: f(x)
	f(x)= l + a*(x**b)
fitted parameters initialized with current variable values

iter      chisq       delta/lim  lambda   a             b             l            
   0 1.7621975792e+01   0.00e+00  7.49e-01    1.438901e-01   1.758602e-01   1.000000e+00
 371 1.5164076308e-06  -1.78e-03  7.49e-10    1.383035e+01  -1.505898e+00   1.759409e-01

After 371 iterations the fit converged.
final sum of squares of residuals : 1.51641e-06
rel. change during last iteration : -1.77997e-08

degrees of freedom    (FIT_NDF)                        : 7
rms of residuals      (FIT_STDFIT) = sqrt(WSSR/ndf)    : 0.000465435
variance of residuals (reduced chisquare) = WSSR/ndf   : 2.1663e-07

Final set of parameters            Asymptotic Standard Error
=======================            ==========================
a               = 13.8304          +/- 31.46        (227.5%)
b               = -1.5059          +/- 0.4338       (28.8%)
l               = 0.175941         +/- 0.0002841    (0.1615%)

correlation matrix of the fit parameters:
                a      b      l      
a               1.000 
b              -0.999  1.000 
l               0.774 -0.790  1.000 
